
**** 05/16/20 19:56:28 *********** Evaluation PSpice (Nov 1999) **************

 * C:\Users\naiar\OneDrive\Documentos\NAIARA\ESTUDIO\TCO\pract\pract6\pract6.5.sch


 ****     CIRCUIT DESCRIPTION


******************************************************************************




* Schematics Version 9.1 - Web Update 1
* Sat May 16 19:56:28 2020



** Analysis setup **
.OP 


* From [PSPICE NETLIST] section of pspiceev.ini:
.lib "nom.lib"

.INC "pract6.5.net"

**** INCLUDING pract6.5.net ****
* Schematics Netlist *



V_Va         $N_0001 0 5V
V_Vb         $N_0002 0 0V
X_U5A         $N_0001 $N_0003 F $G_DPWR $G_DGND 74125 PARAMS:
+ IO_LEVEL=0 MNTYMXDLY=0
X_U7A         $N_0003 $N_0004 $G_DPWR $G_DGND 7404 PARAMS:
+ IO_LEVEL=0 MNTYMXDLY=0
X_U6A         $N_0002 $N_0004 F $G_DPWR $G_DGND 74125 PARAMS:
+ IO_LEVEL=0 MNTYMXDLY=0
V_S         $N_0003 0 5V

**** RESUMING pract6.5.cir ****
.INC "pract6.5.als"



**** INCLUDING pract6.5.als ****
* Schematics Aliases *

.ALIASES
V_Va            Va(+=$N_0001 -=0 )
V_Vb            Vb(+=$N_0002 -=0 )
X_U5A           U5A(A=$N_0001 Gbar=$N_0003 Y=F PWR=$G_DPWR GND=$G_DGND )
X_U7A           U7A(A=$N_0003 Y=$N_0004 PWR=$G_DPWR GND=$G_DGND )
X_U6A           U6A(A=$N_0002 Gbar=$N_0004 Y=F PWR=$G_DPWR GND=$G_DGND )
V_S             S(+=$N_0003 -=0 )
_    _(F=F)
_    _($G_DGND=$G_DGND)
_    _($G_DPWR=$G_DPWR)
.ENDALIASES


**** RESUMING pract6.5.cir ****
.probe


.END


**** Generated AtoD and DtoA Interfaces ****

*
* Analog/Digital interface for node $N_0001
*
* Moving X_U5A.U1:IN from analog node $N_0001 to new digital node $N_0001$AtoD
X$$N_0001_AtoD1
+ $N_0001
+ $N_0001$AtoD
+ $G_DPWR
+ $G_DGND
+ AtoD_STD
+       PARAMS: CAPACITANCE=   0     
*
* Analog/Digital interface for node $N_0002
*
* Moving X_U6A.U1:IN from analog node $N_0002 to new digital node $N_0002$AtoD
X$$N_0002_AtoD1
+ $N_0002
+ $N_0002$AtoD
+ $G_DPWR
+ $G_DGND
+ AtoD_STD
+       PARAMS: CAPACITANCE=   0     
*
* Analog/Digital interface for node $N_0003
*
* Moving X_U7A.U1:IN1 from analog node $N_0003 to new digital node $N_0003$AtoD
X$$N_0003_AtoD1
+ $N_0003
+ $N_0003$AtoD
+ $G_DPWR
+ $G_DGND
+ AtoD_STD
+       PARAMS: CAPACITANCE=   0     
* Moving X_U5A.U2:IN1 from analog node $N_0003 to new digital node $N_0003$AtoD2
X$$N_0003_AtoD2
+ $N_0003
+ $N_0003$AtoD2
+ $G_DPWR
+ $G_DGND
+ AtoD_STD
+       PARAMS: CAPACITANCE=   0     
*
* Analog/Digital interface power supply subcircuits
*

X$DIGIFPWR 0 DIGIFPWR

**** 05/16/20 19:56:28 *********** Evaluation PSpice (Nov 1999) **************

 * C:\Users\naiar\OneDrive\Documentos\NAIARA\ESTUDIO\TCO\pract\pract6\pract6.5.sch


 ****     Diode MODEL PARAMETERS


******************************************************************************




               D74CLMP         D74             
          IS    1.000000E-15  100.000000E-18 
          RS    2              25            
         CJO    2.000000E-12    2.000000E-12 


**** 05/16/20 19:56:28 *********** Evaluation PSpice (Nov 1999) **************

 * C:\Users\naiar\OneDrive\Documentos\NAIARA\ESTUDIO\TCO\pract\pract6\pract6.5.sch


 ****     BJT MODEL PARAMETERS


******************************************************************************




               Q74             
               NPN             
          IS  100.000000E-18 
          BF   49            
          NF    1            
         ISE  100.000000E-18 
          BR     .03         
          NR    1            
         ISC  400.000000E-18 
          RB   50            
          RC   20            
         CJE    1.000000E-12 
         VJE     .9          
         MJE     .5          
         CJC  500.000000E-15 
         VJC     .8          
         CJS    3.000000E-12 
         VJS     .7          
         MJS     .33         
          TF  200.000000E-12 
          TR   10.000000E-09 
          CN    2.42         
           D     .87         


**** 05/16/20 19:56:28 *********** Evaluation PSpice (Nov 1999) **************

 * C:\Users\naiar\OneDrive\Documentos\NAIARA\ESTUDIO\TCO\pract\pract6\pract6.5.sch


 ****     Digital Output MODEL PARAMETERS


******************************************************************************




               DO74            
        FILE DSO_ATOD        
      FORMAT    6            
     CHGONLY    1            
    TIMESTEP  100.000000E-12 
      S0NAME X               
       S0VHI    2            
       S0VLO     .8          
      S1NAME 0               
       S1VHI     .8          
       S1VLO   -1.5          
      S2NAME R               
       S2VHI    1.4          
       S2VLO     .8          
      S3NAME R               
       S3VHI    2            
       S3VLO    1.3          
      S4NAME X               
       S4VHI    2            
       S4VLO     .8          
      S5NAME 1               
       S5VHI    7            
       S5VLO    2            
      S6NAME F               
       S6VHI    2            
       S6VLO    1.3          
      S7NAME F               
       S7VHI    1.4          
       S7VLO     .8          


**** 05/16/20 19:56:28 *********** Evaluation PSpice (Nov 1999) **************

 * C:\Users\naiar\OneDrive\Documentos\NAIARA\ESTUDIO\TCO\pract\pract6\pract6.5.sch


 ****     Digital Gate MODEL PARAMETERS


******************************************************************************




               D0_GATE         D_04            
      TPLHMN    0               4.800000E-09 
      TPLHTY    0              12.000000E-09 
      TPLHMX    0              22.000000E-09 
      TPHLMN    0               3.200000E-09 
      TPHLTY    0               8.000000E-09 
      TPHLMX    0              15.000000E-09 


**** 05/16/20 19:56:28 *********** Evaluation PSpice (Nov 1999) **************

 * C:\Users\naiar\OneDrive\Documentos\NAIARA\ESTUDIO\TCO\pract\pract6\pract6.5.sch


 ****     Digital Tri Gate MODEL PARAMETERS


******************************************************************************




               D_125           
      TPLHMN    3.200000E-09 
      TPLHTY    8.000000E-09 
      TPLHMX   13.000000E-09 
      TPHLMN    4.800000E-09 
      TPHLTY   12.000000E-09 
      TPHLMX   18.000000E-09 
      TPZHMN    4.400000E-09 
      TPZHTY   11.000000E-09 
      TPZHMX   17.000000E-09 
      TPZLMN    6.400000E-09 
      TPZLTY   16.000000E-09 
      TPZLMX   25.000000E-09 
      TPLZMN    2.800000E-09 
      TPLZTY    7.000000E-09 
      TPLZMX   12.000000E-09 
      TPHZMN    2.000000E-09 
      TPHZTY    5.000000E-09 
      TPHZMX    8.000000E-09 


**** 05/16/20 19:56:28 *********** Evaluation PSpice (Nov 1999) **************

 * C:\Users\naiar\OneDrive\Documentos\NAIARA\ESTUDIO\TCO\pract\pract6\pract6.5.sch


 ****     Digital IO  MODEL PARAMETERS


******************************************************************************




               IO_STD          
        DRVL  104            
        DRVH   96.4          
       AtoD1 AtoD_STD        
       AtoD2 AtoD_STD_NX     
       AtoD3 AtoD_STD        
       AtoD4 AtoD_STD_NX     
       DtoA1 DtoA_STD        
       DtoA2 DtoA_STD        
       DtoA3 DtoA_STD        
       DtoA4 DtoA_STD        
      TSWHL1    1.373000E-09 
      TSWHL2    1.346000E-09 
      TSWHL3    1.511000E-09 
      TSWHL4    1.487000E-09 
      TSWLH1    3.382000E-09 
      TSWLH2    3.424000E-09 
      TSWLH3    3.517000E-09 
      TSWLH4    3.564000E-09 
       TPWRT  100.000000E+03 


**** 05/16/20 19:56:28 *********** Evaluation PSpice (Nov 1999) **************

 * C:\Users\naiar\OneDrive\Documentos\NAIARA\ESTUDIO\TCO\pract\pract6\pract6.5.sch


 ****     SMALL SIGNAL BIAS SOLUTION       TEMPERATURE =   27.000 DEG C


******************************************************************************



 NODE   VOLTAGE     NODE   VOLTAGE     NODE   VOLTAGE     NODE   VOLTAGE


($G_DGND)    0.0000                   ($G_DPWR)    5.0000                       

($N_0001)    5.0000                   ($N_0002)    0.0000                       

($N_0003)    5.0000                   (X$$N_0001_AtoD1.1)    1.5648             

(X$$N_0001_AtoD1.2)     .7824         (X$$N_0001_AtoD1.3)    2.2862             

(X$$N_0002_AtoD1.1)     .0915         (X$$N_0002_AtoD1.2)     .0457             

(X$$N_0002_AtoD1.3)     .8277         (X$$N_0003_AtoD1.1)    1.5648             

(X$$N_0003_AtoD1.2)     .7824         (X$$N_0003_AtoD1.3)    2.2862             

(X$$N_0003_AtoD2.1)    1.5648         (X$$N_0003_AtoD2.2)     .7824             

(X$$N_0003_AtoD2.3)    2.2862         



 DGTL NODE : STATE  DGTL NODE : STATE  DGTL NODE : STATE  DGTL NODE : STATE


( $N_0004) : 0     ( X_U6A.G) : 1     ($N_0003$AtoD) : 1                        

(       F) : 0     ( X_U5A.G) : 0     ($N_0002$AtoD) : 0                        

($N_0001$AtoD) : 1                    ($N_0003$AtoD2) : 1                   




    VOLTAGE SOURCE CURRENTS
    NAME         CURRENT

    V_Va        -2.035E-05
    V_Vb         1.043E-03
    V_S         -4.071E-05
    X$DIGIFPWR.VDPWR  -3.083E-03
    X$DIGIFPWR.VDGND  -9.870E-04

    TOTAL POWER DISSIPATION   1.57E-02  WATTS


**** 05/16/20 19:56:28 *********** Evaluation PSpice (Nov 1999) **************

 * C:\Users\naiar\OneDrive\Documentos\NAIARA\ESTUDIO\TCO\pract\pract6\pract6.5.sch


 ****     OPERATING POINT INFORMATION      TEMPERATURE =   27.000 DEG C


******************************************************************************






**** DIODES


NAME         X$$N_0001_AtoD1.D0      X$$N_0001_AtoD1.D1    
MODEL        D74CLMP                 D74                   
ID          -5.00E-12                6.99E-04             
VD          -5.00E+00                7.82E-01             
REQ          1.00E+12                3.70E+01             
CAP          8.17E-13                3.58E-12             

NAME         X$$N_0001_AtoD1.D2      X$$N_0002_AtoD1.D0    
MODEL        D74                     D74CLMP               
ID           6.99E-04                0.00E+00             
VD           7.82E-01                0.00E+00             
REQ          3.70E+01                9.63E+11             
CAP          3.58E-12                2.00E-12             

NAME         X$$N_0002_AtoD1.D1      X$$N_0002_AtoD1.D2    
MODEL        D74                     D74                   
ID           4.62E-14                4.62E-14             
VD           4.57E-02                4.57E-02             
REQ          9.78E+11                9.78E+11             
CAP          2.05E-12                2.05E-12             

NAME         X$$N_0003_AtoD1.D0      X$$N_0003_AtoD1.D1    
MODEL        D74CLMP                 D74                   
ID          -5.00E-12                6.99E-04             
VD          -5.00E+00                7.82E-01             
REQ          1.00E+12                3.70E+01             
CAP          8.17E-13                3.58E-12             

NAME         X$$N_0003_AtoD1.D2      X$$N_0003_AtoD2.D0    
MODEL        D74                     D74CLMP               
ID           6.99E-04               -5.00E-12             
VD           7.82E-01               -5.00E+00             
REQ          3.70E+01                1.00E+12             
CAP          3.58E-12                8.17E-13             

NAME         X$$N_0003_AtoD2.D1      X$$N_0003_AtoD2.D2    
MODEL        D74                     D74                   
ID           6.99E-04                6.99E-04             
VD           7.82E-01                7.82E-01             
REQ          3.70E+01                3.70E+01             
CAP          3.58E-12                3.58E-12             


**** BIPOLAR JUNCTION TRANSISTORS


NAME         X$$N_0001_AtoD1.Q1      X$$N_0002_AtoD1.Q1    
MODEL        Q74                     Q74                   
IB           6.78E-04                1.04E-03             
IC          -6.99E-04               -4.62E-14             
VBE         -2.71E+00                8.28E-01             
VBC          7.21E-01                7.36E-01             
VCE         -3.44E+00                9.15E-02             
BETADC      -1.03E+00               -4.43E-11             
GM          -7.87E-04                3.95E-02             
RPI          4.90E+13                1.20E+03             
RX           5.00E+01                5.00E+01             
RO           1.27E+03                8.44E+02             
CBE          4.97E-13                1.01E-11             
CBC          8.64E-12                1.26E-11             
CJS          2.03E-12                2.88E-12             
BETAAC      -3.86E+10                4.75E+01             
CBX/CBX2     0.00E+00                0.00E+00             
FT/FT2      -1.37E+07                2.77E+08             



NAME         X$$N_0003_AtoD1.Q1      X$$N_0003_AtoD2.Q1    
MODEL        Q74                     Q74                   
IB           6.78E-04                6.78E-04             
IC          -6.99E-04               -6.99E-04             
VBE         -2.71E+00               -2.71E+00             
VBC          7.21E-01                7.21E-01             
VCE         -3.44E+00               -3.44E+00             
BETADC      -1.03E+00               -1.03E+00             
GM          -7.87E-04               -7.87E-04             
RPI          4.90E+13                4.90E+13             
RX           5.00E+01                5.00E+01             
RO           1.27E+03                1.27E+03             
CBE          4.97E-13                4.97E-13             
CBC          8.64E-12                8.64E-12             
CJS          2.03E-12                2.03E-12             
BETAAC      -3.86E+10               -3.86E+10             
CBX/CBX2     0.00E+00                0.00E+00             
FT/FT2      -1.37E+07               -1.37E+07             



          JOB CONCLUDED

          TOTAL JOB TIME             .03
