

*******************************************************************************
Fri Mar  6 12:13:54 2020


FIT:    data read from "linearSearch.out" using 1:3
        format = x:z
        #datapoints = 5
        residuals are weighted equally (unit weight)

function used for fitting: f(x)
fitted parameters initialized with current variable values



 Iteration 0
 WSSR        : 5.49691e+09       delta(WSSR)/WSSR   : 0
 delta(WSSR) : 0                 limit for stopping : 1e-05
 lambda	  : 23452.1

initial set of free parameter values

a               = 1
b               = 1

After 8 iterations the fit converged.
final sum of squares of residuals : 3.05361
rel. change during last iteration : -6.7925e-12

degrees of freedom    (FIT_NDF)                        : 3
rms of residuals      (FIT_STDFIT) = sqrt(WSSR/ndf)    : 1.0089
variance of residuals (reduced chisquare) = WSSR/ndf   : 1.01787

Final set of parameters            Asymptotic Standard Error
=======================            ==========================

a               = 0.00027686       +/- 3.19e-05     (11.52%)
b               = 1.1616           +/- 1.058        (91.09%)


correlation matrix of the fit parameters:

               a      b      
a               1.000 
b              -0.905  1.000 


*******************************************************************************
Fri Mar  6 12:18:07 2020


FIT:    data read from "linearSearch.out" using 1:3
        format = x:z
        #datapoints = 5
        residuals are weighted equally (unit weight)

function used for fitting: f(x)
fitted parameters initialized with current variable values



 Iteration 0
 WSSR        : 5.49691e+09       delta(WSSR)/WSSR   : 0
 delta(WSSR) : 0                 limit for stopping : 1e-05
 lambda	  : 23452.1

initial set of free parameter values

a               = 1
b               = 1

After 8 iterations the fit converged.
final sum of squares of residuals : 3.05361
rel. change during last iteration : -6.7925e-12

degrees of freedom    (FIT_NDF)                        : 3
rms of residuals      (FIT_STDFIT) = sqrt(WSSR/ndf)    : 1.0089
variance of residuals (reduced chisquare) = WSSR/ndf   : 1.01787

Final set of parameters            Asymptotic Standard Error
=======================            ==========================

a               = 0.00027686       +/- 3.19e-05     (11.52%)
b               = 1.1616           +/- 1.058        (91.09%)


correlation matrix of the fit parameters:

               a      b      
a               1.000 
b              -0.905  1.000 


*******************************************************************************
Fri Mar  6 12:21:03 2020


FIT:    data read from "linearSearch.out" using 1:4
        format = x:z
        #datapoints = 5
        residuals are weighted equally (unit weight)

function used for fitting: g(x)
fitted parameters initialized with current variable values



 Iteration 0
 WSSR        : 5.49774e+09       delta(WSSR)/WSSR   : 0
 delta(WSSR) : 0                 limit for stopping : 1e-05
 lambda	  : 23452.1

initial set of free parameter values

c               = 1
d               = 1

After 8 iterations the fit converged.
final sum of squares of residuals : 0.15031
rel. change during last iteration : -3.35226e-11

degrees of freedom    (FIT_NDF)                        : 3
rms of residuals      (FIT_STDFIT) = sqrt(WSSR/ndf)    : 0.223838
variance of residuals (reduced chisquare) = WSSR/ndf   : 0.0501033

Final set of parameters            Asymptotic Standard Error
=======================            ==========================

c               = 0.00020789       +/- 7.078e-06    (3.405%)
d               = 0.9203           +/- 0.2348       (25.51%)


correlation matrix of the fit parameters:

               c      d      
c               1.000 
d              -0.905  1.000 


*******************************************************************************
Fri Mar  6 12:28:16 2020


FIT:    data read from "linearSearch.out" using 1:3
        format = x:z
	y range restricted to [0.00000 : 110000.]
        #datapoints = 5
        residuals are weighted equally (unit weight)

function used for fitting: f(x)
fitted parameters initialized with current variable values



 Iteration 0
 WSSR        : 5.49691e+09       delta(WSSR)/WSSR   : 0
 delta(WSSR) : 0                 limit for stopping : 1e-05
 lambda	  : 23452.1

initial set of free parameter values

a               = 1
b               = 1

After 8 iterations the fit converged.
final sum of squares of residuals : 3.05361
rel. change during last iteration : -6.7925e-12

degrees of freedom    (FIT_NDF)                        : 3
rms of residuals      (FIT_STDFIT) = sqrt(WSSR/ndf)    : 1.0089
variance of residuals (reduced chisquare) = WSSR/ndf   : 1.01787

Final set of parameters            Asymptotic Standard Error
=======================            ==========================

a               = 0.00027686       +/- 3.19e-05     (11.52%)
b               = 1.1616           +/- 1.058        (91.09%)


correlation matrix of the fit parameters:

               a      b      
a               1.000 
b              -0.905  1.000 


*******************************************************************************
Fri Mar  6 12:47:46 2020


FIT:    data read from "linearSearch.out" using 1:3
        format = x:z
	y range restricted to [0.00000 : 110000.]
        #datapoints = 3
        residuals are weighted equally (unit weight)

function used for fitting: f(x)
fitted parameters initialized with current variable values



 Iteration 0
 WSSR        : 1.39917e+09       delta(WSSR)/WSSR   : 0
 delta(WSSR) : 0                 limit for stopping : 1e-05
 lambda	  : 15275.3

initial set of free parameter values

a               = 1
b               = 1

After 8 iterations the fit converged.
final sum of squares of residuals : 0.00400417
rel. change during last iteration : -1.54841e-07

degrees of freedom    (FIT_NDF)                        : 1
rms of residuals      (FIT_STDFIT) = sqrt(WSSR/ndf)    : 0.0632785
variance of residuals (reduced chisquare) = WSSR/ndf   : 0.00400417

Final set of parameters            Asymptotic Standard Error
=======================            ==========================

a               = 0.00022615       +/- 4.474e-06    (1.979%)
b               = 2.60533          +/- 0.09666      (3.71%)


correlation matrix of the fit parameters:

               a      b      
a               1.000 
b              -0.926  1.000 


*******************************************************************************
Fri Mar  6 12:48:25 2020


FIT:    data read from "linearSearch.out" using 1:4
        format = x:z
	y range restricted to [0.00000 : 110000.]
        #datapoints = 3
        residuals are weighted equally (unit weight)

function used for fitting: g(x)
fitted parameters initialized with current variable values



 Iteration 0
 WSSR        : 1.39961e+09       delta(WSSR)/WSSR   : 0
 delta(WSSR) : 0                 limit for stopping : 1e-05
 lambda	  : 15275.3

initial set of free parameter values

c               = 1
d               = 1

After 8 iterations the fit converged.
final sum of squares of residuals : 0.110704
rel. change during last iteration : -6.3065e-10

degrees of freedom    (FIT_NDF)                        : 1
rms of residuals      (FIT_STDFIT) = sqrt(WSSR/ndf)    : 0.332722
variance of residuals (reduced chisquare) = WSSR/ndf   : 0.110704

Final set of parameters            Asymptotic Standard Error
=======================            ==========================

c               = 0.00011455       +/- 2.353e-05    (20.54%)
d               = 1.53867          +/- 0.5082       (33.03%)


correlation matrix of the fit parameters:

               c      d      
c               1.000 
d              -0.926  1.000 


*******************************************************************************
Fri Mar  6 12:49:41 2020


FIT:    data read from "linearSearch.out" using 1:3
        format = x:z
	y range restricted to [0.00000 : 110000.]
        #datapoints = 3
        residuals are weighted equally (unit weight)

function used for fitting: f(x)
fitted parameters initialized with current variable values



 Iteration 0
 WSSR        : 0.00400417        delta(WSSR)/WSSR   : 0
 delta(WSSR) : 0                 limit for stopping : 1e-05
 lambda	  : 15275.3

initial set of free parameter values

a               = 0.00022615
b               = 2.60533

After 1 iterations the fit converged.
final sum of squares of residuals : 0.00400417
rel. change during last iteration : 0

degrees of freedom    (FIT_NDF)                        : 1
rms of residuals      (FIT_STDFIT) = sqrt(WSSR/ndf)    : 0.0632785
variance of residuals (reduced chisquare) = WSSR/ndf   : 0.00400417

Final set of parameters            Asymptotic Standard Error
=======================            ==========================

a               = 0.00022615       +/- 4.474e-06    (1.979%)
b               = 2.60533          +/- 0.09666      (3.71%)


correlation matrix of the fit parameters:

               a      b      
a               1.000 
b              -0.926  1.000 


*******************************************************************************
Fri Mar  6 12:49:41 2020


FIT:    data read from "linearSearch.out" using 1:4
        format = x:z
	y range restricted to [0.00000 : 110000.]
        #datapoints = 3
        residuals are weighted equally (unit weight)

function used for fitting: g(x)
fitted parameters initialized with current variable values



 Iteration 0
 WSSR        : 0.110704          delta(WSSR)/WSSR   : 0
 delta(WSSR) : 0                 limit for stopping : 1e-05
 lambda	  : 15275.3

initial set of free parameter values

c               = 0.00011455
d               = 1.53867

After 1 iterations the fit converged.
final sum of squares of residuals : 0.110704
rel. change during last iteration : -2.25647e-15

degrees of freedom    (FIT_NDF)                        : 1
rms of residuals      (FIT_STDFIT) = sqrt(WSSR/ndf)    : 0.332722
variance of residuals (reduced chisquare) = WSSR/ndf   : 0.110704

Final set of parameters            Asymptotic Standard Error
=======================            ==========================

c               = 0.00011455       +/- 2.353e-05    (20.54%)
d               = 1.53867          +/- 0.5082       (33.03%)


correlation matrix of the fit parameters:

               c      d      
c               1.000 
d              -0.926  1.000 


*******************************************************************************
Sat Mar 21 20:22:55 2020


FIT:    data read from "linearSearch.out" using 1:3
        format = x:z
        #datapoints = 3
        residuals are weighted equally (unit weight)

function used for fitting: f(x)
fitted parameters initialized with current variable values



 Iteration 0
 WSSR        : 1.39917e+09       delta(WSSR)/WSSR   : 0
 delta(WSSR) : 0                 limit for stopping : 1e-05
 lambda	  : 15275.3

initial set of free parameter values

a               = 1
b               = 1

After 8 iterations the fit converged.
final sum of squares of residuals : 0.00400417
rel. change during last iteration : -1.54841e-07

degrees of freedom    (FIT_NDF)                        : 1
rms of residuals      (FIT_STDFIT) = sqrt(WSSR/ndf)    : 0.0632785
variance of residuals (reduced chisquare) = WSSR/ndf   : 0.00400417

Final set of parameters            Asymptotic Standard Error
=======================            ==========================

a               = 0.00022615       +/- 4.474e-06    (1.979%)
b               = 2.60533          +/- 0.09666      (3.71%)


correlation matrix of the fit parameters:

               a      b      
a               1.000 
b              -0.926  1.000 


*******************************************************************************
Sat Mar 21 20:25:25 2020


FIT:    data read from "linearSearch.out" using 1:4
        format = x:z
        #datapoints = 3
        residuals are weighted equally (unit weight)

function used for fitting: g(x)
fitted parameters initialized with current variable values



 Iteration 0
 WSSR        : 1.39961e+09       delta(WSSR)/WSSR   : 0
 delta(WSSR) : 0                 limit for stopping : 1e-05
 lambda	  : 15275.3

initial set of free parameter values

c               = 1
d               = 1

After 8 iterations the fit converged.
final sum of squares of residuals : 0.110704
rel. change during last iteration : -6.3065e-10

degrees of freedom    (FIT_NDF)                        : 1
rms of residuals      (FIT_STDFIT) = sqrt(WSSR/ndf)    : 0.332722
variance of residuals (reduced chisquare) = WSSR/ndf   : 0.110704

Final set of parameters            Asymptotic Standard Error
=======================            ==========================

c               = 0.00011455       +/- 2.353e-05    (20.54%)
d               = 1.53867          +/- 0.5082       (33.03%)


correlation matrix of the fit parameters:

               c      d      
c               1.000 
d              -0.926  1.000 


*******************************************************************************
Sat Mar 21 20:27:30 2020


FIT:    data read from "linearSearch.out" using 1:3
        format = x:z
	y range restricted to [0.00000 : 110000.]
        #datapoints = 3
        residuals are weighted equally (unit weight)

function used for fitting: f(x)
fitted parameters initialized with current variable values



 Iteration 0
 WSSR        : 0.00400417        delta(WSSR)/WSSR   : 0
 delta(WSSR) : 0                 limit for stopping : 1e-05
 lambda	  : 15275.3

initial set of free parameter values

a               = 0.00022615
b               = 2.60533

After 1 iterations the fit converged.
final sum of squares of residuals : 0.00400417
rel. change during last iteration : 0

degrees of freedom    (FIT_NDF)                        : 1
rms of residuals      (FIT_STDFIT) = sqrt(WSSR/ndf)    : 0.0632785
variance of residuals (reduced chisquare) = WSSR/ndf   : 0.00400417

Final set of parameters            Asymptotic Standard Error
=======================            ==========================

a               = 0.00022615       +/- 4.474e-06    (1.979%)
b               = 2.60533          +/- 0.09666      (3.71%)


correlation matrix of the fit parameters:

               a      b      
a               1.000 
b              -0.926  1.000 


*******************************************************************************
Sat Mar 21 20:27:30 2020


FIT:    data read from "linearSearch.out" using 1:4
        format = x:z
	y range restricted to [0.00000 : 110000.]
        #datapoints = 3
        residuals are weighted equally (unit weight)

function used for fitting: g(x)
fitted parameters initialized with current variable values



 Iteration 0
 WSSR        : 0.110704          delta(WSSR)/WSSR   : 0
 delta(WSSR) : 0                 limit for stopping : 1e-05
 lambda	  : 15275.3

initial set of free parameter values

c               = 0.00011455
d               = 1.53867

After 1 iterations the fit converged.
final sum of squares of residuals : 0.110704
rel. change during last iteration : -2.25647e-15

degrees of freedom    (FIT_NDF)                        : 1
rms of residuals      (FIT_STDFIT) = sqrt(WSSR/ndf)    : 0.332722
variance of residuals (reduced chisquare) = WSSR/ndf   : 0.110704

Final set of parameters            Asymptotic Standard Error
=======================            ==========================

c               = 0.00011455       +/- 2.353e-05    (20.54%)
d               = 1.53867          +/- 0.5082       (33.03%)


correlation matrix of the fit parameters:

               c      d      
c               1.000 
d              -0.926  1.000 
